2022-09-14 18:03:20,288 [1] INFO Microsoft.Hosting.Lifetime - Application started. Press Ctrl+C to shut down.
2022-09-14 18:03:20,304 [1] INFO Microsoft.Hosting.Lifetime - Hosting environment: Development
2022-09-14 18:03:20,307 [1] INFO Microsoft.Hosting.Lifetime - Content root path: C:\Users\mindc1july62\source\repos\E-GroceryStore\E-GroceryStore
2022-09-14 18:03:39,424 [7] INFO E_GroceryStore.Controllers.UserController - Created Successfully
2022-09-14 21:26:12,605 [1] INFO Microsoft.Hosting.Lifetime - Application started. Press Ctrl+C to shut down.
2022-09-14 21:26:12,622 [1] INFO Microsoft.Hosting.Lifetime - Hosting environment: Development
2022-09-14 21:26:12,626 [1] INFO Microsoft.Hosting.Lifetime - Content root path: C:\Users\mindc1july62\Desktop\Mohammed.Shahid@mindtree.com_Comprehensive\E-GroceryStore\E-GroceryStore
2022-09-14 21:26:20,782 [1] INFO Microsoft.Hosting.Lifetime - Application started. Press Ctrl+C to shut down.
2022-09-14 21:26:20,806 [1] INFO Microsoft.Hosting.Lifetime - Hosting environment: Development
2022-09-14 21:26:20,809 [1] INFO Microsoft.Hosting.Lifetime - Content root path: C:\Users\mindc1july62\Desktop\Mohammed.Shahid@mindtree.com_Comprehensive\E-GroceryStore\E-GroceryStore
2022-09-14 21:32:27,516 [34] ERROR E_GroceryStore.Controllers.UserController - Invalid Credentials
2022-09-14 21:43:42,802 [1] INFO Microsoft.Hosting.Lifetime - Application started. Press Ctrl+C to shut down.
2022-09-14 21:43:42,839 [1] INFO Microsoft.Hosting.Lifetime - Hosting environment: Development
2022-09-14 21:43:42,904 [1] INFO Microsoft.Hosting.Lifetime - Content root path: C:\Users\mindc1july62\Desktop\Mohammed.Shahid@mindtree.com_Comprehensive\E-GroceryStore\E-GroceryStore
2022-09-14 22:04:33,291 [1] INFO Microsoft.Hosting.Lifetime - Application started. Press Ctrl+C to shut down.
2022-09-14 22:04:33,308 [1] INFO Microsoft.Hosting.Lifetime - Hosting environment: Development
2022-09-14 22:04:33,312 [1] INFO Microsoft.Hosting.Lifetime - Content root path: C:\Users\mindc1july62\Desktop\Mohammed.Shahid@mindtree.com_Comprehensive\E-GroceryStore\E-GroceryStore
2022-09-14 22:08:06,674 [16] ERROR E_GroceryStore.Controllers.UserController - Invalid Credentials
2022-09-14 22:53:48,003 [7] INFO E_GroceryStore.Controllers.UserController - Data Successfully Displayed
2022-09-14 22:56:30,785 [27] INFO E_GroceryStore.Controllers.UserController - Data Successfully Displayed
2022-09-14 22:57:37,734 [30] INFO E_GroceryStore.Controllers.UserController - Data Successfully Displayed
2022-09-14 23:40:43,714 [1] INFO Microsoft.Hosting.Lifetime - Application started. Press Ctrl+C to shut down.
2022-09-14 23:40:43,820 [1] INFO Microsoft.Hosting.Lifetime - Hosting environment: Development
2022-09-14 23:40:43,833 [1] INFO Microsoft.Hosting.Lifetime - Content root path: C:\Users\mindc1july62\Desktop\Mohammed.Shahid@mindtree.com_Comprehensive\E-GroceryStore\E-GroceryStore
2022-09-14 23:41:15,330 [15] INFO E_GroceryStore.Controllers.UserController - Data Successfully Displayed
2022-09-15 00:01:34,287 [1] INFO Microsoft.Hosting.Lifetime - Application started. Press Ctrl+C to shut down.
2022-09-15 00:01:34,298 [1] INFO Microsoft.Hosting.Lifetime - Hosting environment: Development
2022-09-15 00:01:34,302 [1] INFO Microsoft.Hosting.Lifetime - Content root path: C:\Users\mindc1july62\Desktop\Mohammed.Shahid@mindtree.com_Comprehensive\E-GroceryStore\E-GroceryStore
2022-09-15 00:02:50,003 [15] ERROR E_GroceryStore.Controllers.UserController - Invalid Credentials
2022-09-15 00:03:04,872 [5] INFO E_GroceryStore.Controllers.UserController - Created Successfully
2022-09-15 00:04:02,673 [21] ERROR E_GroceryStore.Controllers.UserController - Invalid Credentials
2022-09-15 06:43:46,142 [1] INFO Microsoft.Hosting.Lifetime - Application started. Press Ctrl+C to shut down.
2022-09-15 06:43:46,174 [1] INFO Microsoft.Hosting.Lifetime - Hosting environment: Development
2022-09-15 06:43:46,177 [1] INFO Microsoft.Hosting.Lifetime - Content root path: C:\Users\mindc1july62\Desktop\Mohammed.Shahid@mindtree.com_Comprehensive\E-GroceryStore\E-GroceryStore
2022-09-15 06:45:20,873 [17] INFO E_GroceryStore.Controllers.UserController - Created Successfully
2022-09-15 06:46:59,909 [22] ERROR E_GroceryStore.Controllers.UserController - Invalid Credentials
2022-09-15 06:53:39,856 [33] INFO E_GroceryStore.Controllers.UserController - Data Successfully Displayed
2022-09-15 07:10:43,704 [1] INFO Microsoft.Hosting.Lifetime - Application started. Press Ctrl+C to shut down.
2022-09-15 07:10:43,731 [1] INFO Microsoft.Hosting.Lifetime - Hosting environment: Development
2022-09-15 07:10:43,734 [1] INFO Microsoft.Hosting.Lifetime - Content root path: C:\Users\mindc1july62\Desktop\Mohammed.Shahid@mindtree.com_Comprehensive\E-GroceryStore\E-GroceryStore
2022-09-15 07:12:16,795 [17] INFO E_GroceryStore.Controllers.UserController - Created Successfully
2022-09-15 07:12:27,807 [7] INFO E_GroceryStore.Controllers.UserController - Login Success
2022-09-15 07:14:19,484 [24] INFO E_GroceryStore.Controllers.UserController - Login Success
2022-09-15 07:14:54,471 [25] INFO E_GroceryStore.Controllers.UserController - Data Successfully Displayed
2022-09-15 07:18:22,686 [1] INFO Microsoft.Hosting.Lifetime - Application started. Press Ctrl+C to shut down.
2022-09-15 07:18:22,707 [1] INFO Microsoft.Hosting.Lifetime - Hosting environment: Development
2022-09-15 07:18:22,710 [1] INFO Microsoft.Hosting.Lifetime - Content root path: C:\Users\mindc1july62\Desktop\Mohammed.Shahid@mindtree.com_Comprehensive\E-GroceryStore\E-GroceryStore
2022-09-15 07:19:24,822 [14] INFO E_GroceryStore.Controllers.UserController - Login Success
2022-09-15 07:21:34,385 [20] INFO E_GroceryStore.Controllers.UserController - Login Success
2022-09-15 07:24:50,454 [27] INFO E_GroceryStore.Controllers.UserController - Login Success
2022-09-15 07:25:04,653 [29] INFO E_GroceryStore.Controllers.UserController - Login Success
2022-09-15 07:26:49,062 [1] INFO Microsoft.Hosting.Lifetime - Application started. Press Ctrl+C to shut down.
2022-09-15 07:26:49,077 [1] INFO Microsoft.Hosting.Lifetime - Hosting environment: Development
2022-09-15 07:26:49,080 [1] INFO Microsoft.Hosting.Lifetime - Content root path: C:\Users\mindc1july62\Desktop\Mohammed.Shahid@mindtree.com_Comprehensive\E-GroceryStore\E-GroceryStore
2022-09-15 07:27:54,106 [13] INFO E_GroceryStore.Controllers.UserController - Login Success
2022-09-15 07:28:59,360 [17] INFO E_GroceryStore.Controllers.UserController - Login Success
2022-09-15 07:34:01,145 [1] INFO Microsoft.Hosting.Lifetime - Application started. Press Ctrl+C to shut down.
2022-09-15 07:34:01,171 [1] INFO Microsoft.Hosting.Lifetime - Hosting environment: Development
2022-09-15 07:34:01,177 [1] INFO Microsoft.Hosting.Lifetime - Content root path: C:\Users\mindc1july62\Desktop\Mohammed.Shahid@mindtree.com_Comprehensive\E-GroceryStore\E-GroceryStore
2022-09-15 07:35:20,940 [16] INFO E_GroceryStore.Controllers.UserController - Login Success
2022-09-15 07:35:59,473 [20] INFO E_GroceryStore.Controllers.UserController - Login Success
2022-09-15 07:37:50,412 [24] ERROR E_GroceryStore.Controllers.UserController - Invalid Credentials
2022-09-15 07:38:46,166 [27] INFO E_GroceryStore.Controllers.UserController - Data Successfully Displayed
2022-09-15 07:39:49,078 [38] INFO E_GroceryStore.Controllers.UserController - Login Success
2022-09-15 07:39:57,771 [36] INFO E_GroceryStore.Controllers.UserController - Login Success
2022-09-15 07:40:02,180 [37] INFO E_GroceryStore.Controllers.UserController - Login Success
2022-09-15 07:40:22,011 [38] INFO E_GroceryStore.Controllers.UserController - Login Success
2022-09-15 07:40:40,777 [38] INFO E_GroceryStore.Controllers.UserController - Login Success
2022-09-15 07:41:19,122 [43] INFO E_GroceryStore.Controllers.UserController - Login Success
2022-09-15 07:41:44,975 [46] INFO E_GroceryStore.Controllers.UserController - Login Success
2022-09-15 07:41:54,243 [46] INFO E_GroceryStore.Controllers.UserController - Login Success
2022-09-15 07:45:13,804 [54] INFO E_GroceryStore.Controllers.UserController - Login Success
2022-09-15 07:57:28,128 [61] INFO E_GroceryStore.Controllers.UserController - Login Success
2022-09-15 08:14:40,057 [67] INFO E_GroceryStore.Controllers.UserController - Login Success
2022-09-15 08:15:56,612 [74] INFO E_GroceryStore.Controllers.UserController - Login Success
2022-09-15 08:18:13,141 [78] INFO E_GroceryStore.Controllers.UserController - Login Success
2022-09-15 08:18:37,338 [77] INFO E_GroceryStore.Controllers.UserController - Login Success
2022-09-15 08:41:55,819 [1] INFO Microsoft.Hosting.Lifetime - Application started. Press Ctrl+C to shut down.
2022-09-15 08:41:55,874 [1] INFO Microsoft.Hosting.Lifetime - Hosting environment: Development
2022-09-15 08:41:55,881 [1] INFO Microsoft.Hosting.Lifetime - Content root path: C:\Users\mindc1july62\Desktop\Mohammed.Shahid@mindtree.com_Comprehensive\E-GroceryStore\E-GroceryStore
2022-09-15 08:53:53,336 [16] INFO E_GroceryStore.Controllers.UserController - Login Success
2022-09-15 08:53:57,174 [17] INFO E_GroceryStore.Controllers.UserController - Login Success
2022-09-15 08:56:12,969 [26] INFO E_GroceryStore.Controllers.UserController - Login Success
2022-09-15 09:08:35,329 [34] INFO E_GroceryStore.Controllers.UserController - Login Success
2022-09-15 09:17:06,175 [1] ERROR Microsoft.EntityFrameworkCore.Database.Command - Failed executing DbCommand (6ms) [Parameters=[], CommandType='Text', CommandTimeout='30']
CREATE TABLE [groceryItemsModel] (
    [GroceryId] int NOT NULL IDENTITY,
    [Fruits] nvarchar(max) NULL,
    [Vegetables] nvarchar(max) NULL,
    [Cosmotics] nvarchar(max) NULL,
    [BabyDiapers] nvarchar(max) NULL,
    [PackagedFoods] nvarchar(max) NULL,
    [PetFood] nvarchar(max) NULL,
    [SnacksAndBeverages] nvarchar(max) NULL,
    CONSTRAINT [PK_groceryItemsModel] PRIMARY KEY ([GroceryId])
);
2022-09-15 09:27:32,870 [1] INFO Microsoft.Hosting.Lifetime - Application started. Press Ctrl+C to shut down.
2022-09-15 09:27:32,884 [1] INFO Microsoft.Hosting.Lifetime - Hosting environment: Development
2022-09-15 09:27:32,887 [1] INFO Microsoft.Hosting.Lifetime - Content root path: C:\Users\mindc1july62\Desktop\Mohammed.Shahid@mindtree.com_Comprehensive\E-GroceryStore\E-GroceryStore
2022-09-15 09:28:37,280 [13] INFO E_GroceryStore.Controllers.UserController - Created Successfully
2022-09-15 09:29:26,983 [21] ERROR E_GroceryStore.Controllers.UserController - Invalid Credentials
2022-09-15 09:29:48,779 [19] INFO E_GroceryStore.Controllers.UserController - Data Successfully Displayed
2022-09-15 10:22:12,835 [1] INFO Microsoft.Hosting.Lifetime - Application started. Press Ctrl+C to shut down.
2022-09-15 10:22:12,867 [1] INFO Microsoft.Hosting.Lifetime - Hosting environment: Development
2022-09-15 10:22:12,870 [1] INFO Microsoft.Hosting.Lifetime - Content root path: C:\Users\mindc1july62\Desktop\Mohammed.Shahid@mindtree.com_Comprehensive\E-GroceryStore\E-GroceryStore
2022-09-15 10:41:22,909 [16] INFO E_GroceryStore.Controllers.UserController - Login Success
2022-09-15 10:44:19,341 [21] ERROR E_GroceryStore.Controllers.UserController - Invalid Credentials
2022-09-15 10:44:44,554 [21] INFO E_GroceryStore.Controllers.UserController - Data Successfully Displayed
2022-09-15 10:49:15,986 [39] INFO E_GroceryStore.Controllers.UserController - Created Successfully
2022-09-15 11:28:23,916 [53] INFO E_GroceryStore.Controllers.UserController - Created Successfully
2022-09-15 11:28:46,656 [57] INFO E_GroceryStore.Controllers.UserController - Created Successfully
2022-09-15 12:43:13,249 [1] INFO Microsoft.Hosting.Lifetime - Application started. Press Ctrl+C to shut down.
2022-09-15 12:43:13,265 [1] INFO Microsoft.Hosting.Lifetime - Hosting environment: Development
2022-09-15 12:43:13,267 [1] INFO Microsoft.Hosting.Lifetime - Content root path: C:\Users\mindc1july62\Desktop\Mohammed.Shahid@mindtree.com_Comprehensive\E-GroceryStore\E-GroceryStore
2022-09-15 12:48:08,619 [1] INFO Microsoft.Hosting.Lifetime - Application started. Press Ctrl+C to shut down.
2022-09-15 12:48:08,639 [1] INFO Microsoft.Hosting.Lifetime - Hosting environment: Development
2022-09-15 12:48:08,642 [1] INFO Microsoft.Hosting.Lifetime - Content root path: C:\Users\mindc1july62\Desktop\Mohammed.Shahid@mindtree.com_Comprehensive\E-GroceryStore\E-GroceryStore
2022-09-15 12:48:20,299 [12] INFO E_GroceryStore.Controllers.UserController - Created Successfully
2022-09-15 12:48:49,785 [16] ERROR E_GroceryStore.Controllers.UserController - Invalid Credentials
2022-09-15 12:49:15,274 [23] INFO E_GroceryStore.Controllers.UserController - Created Successfully
2022-09-15 12:53:37,830 [1] INFO Microsoft.Hosting.Lifetime - Application started. Press Ctrl+C to shut down.
2022-09-15 12:53:37,844 [1] INFO Microsoft.Hosting.Lifetime - Hosting environment: Development
2022-09-15 12:53:37,848 [1] INFO Microsoft.Hosting.Lifetime - Content root path: C:\Users\mindc1july62\Desktop\Mohammed.Shahid@mindtree.com_Comprehensive\E-GroceryStore\E-GroceryStore
2022-09-15 14:26:19,721 [6] INFO E_GroceryStore.Controllers.UserController - Data Successfully Displayed
2022-09-15 14:27:22,927 [21] INFO E_GroceryStore.Controllers.GroceryItemsController - Created Successfully
2022-09-15 14:27:23,259 [21] ERROR Microsoft.AspNetCore.Server.IIS.Core.IISHttpServer - Connection ID "18158513712053354519", Request ID "80000018-0003-fc00-b63f-84710c7967bb": An unhandled exception was thrown by the application.
System.InvalidOperationException: The connection does not support MultipleActiveResultSets.
   at Microsoft.Data.SqlClient.SqlInternalConnectionTds.ValidateConnectionForExecute(SqlCommand command)
   at Microsoft.Data.SqlClient.SqlInternalTransaction.Rollback()
   at Microsoft.Data.SqlClient.SqlInternalTransaction.Dispose(Boolean disposing)
   at Microsoft.Data.SqlClient.SqlInternalTransaction.Dispose()
   at Microsoft.Data.SqlClient.SqlTransaction.Dispose(Boolean disposing)
   at System.Data.Common.DbTransaction.DisposeAsync()
   at Microsoft.EntityFrameworkCore.Utilities.DisposableExtensions.DisposeAsyncIfAvailable(IDisposable disposable)
   at Microsoft.EntityFrameworkCore.Storage.RelationalTransaction.DisposeAsync()
   at Microsoft.EntityFrameworkCore.Storage.RelationalConnection.DisposeAsync()
   at Microsoft.Extensions.DependencyInjection.ServiceLookup.ServiceProviderEngineScope.<>c__DisplayClass15_0.<<DisposeAsync>g__Await|0>d.MoveNext()
--- End of stack trace from previous location where exception was thrown ---
   at Microsoft.Extensions.DependencyInjection.ServiceLookup.ServiceProviderEngineScope.<>c__DisplayClass15_0.<<DisposeAsync>g__Await|0>d.MoveNext()
--- End of stack trace from previous location where exception was thrown ---
   at Microsoft.AspNetCore.Http.Features.RequestServicesFeature.<DisposeAsync>g__Awaited|9_0(RequestServicesFeature servicesFeature, ValueTask vt)
   at Microsoft.AspNetCore.Server.IIS.Core.IISHttpContext.FireOnCompleted()
2022-09-15 14:27:35,788 [21] INFO E_GroceryStore.Controllers.GroceryItemsController - Data Successfull Displayed
2022-09-15 14:29:18,752 [32] INFO E_GroceryStore.Controllers.GroceryItemsController - Data Successfull Displayed
2022-09-15 14:30:14,177 [36] INFO E_GroceryStore.Controllers.GroceryItemsController - Data Successfull Displayed
2022-09-15 14:30:25,192 [36] INFO E_GroceryStore.Controllers.GroceryItemsController - Data Successfull Displayed
2022-09-15 14:42:13,276 [44] INFO E_GroceryStore.Controllers.GroceryItemsController - Data Successfull Displayed
2022-09-15 16:59:44,268 [50] INFO E_GroceryStore.Controllers.UserController - Data Successfully Displayed
2022-09-15 17:02:49,086 [1] INFO Microsoft.Hosting.Lifetime - Application started. Press Ctrl+C to shut down.
2022-09-15 17:02:49,102 [1] INFO Microsoft.Hosting.Lifetime - Hosting environment: Development
2022-09-15 17:02:49,104 [1] INFO Microsoft.Hosting.Lifetime - Content root path: C:\Users\mindc1july62\Desktop\Mohammed.Shahid@mindtree.com_Comprehensive\E-GroceryStore\E-GroceryStore
2022-09-15 17:15:26,958 [14] INFO E_GroceryStore.Controllers.UserController - Created Successfully
2022-09-15 17:15:38,107 [15] INFO E_GroceryStore.Controllers.UserController - Created Successfully
2022-09-15 17:16:45,109 [20] INFO E_GroceryStore.Controllers.UserController - Data Successfully Displayed
2022-09-15 17:17:05,454 [21] INFO E_GroceryStore.Controllers.GroceryItemsController - Data Successfull Displayed
2022-09-15 17:37:30,868 [33] INFO E_GroceryStore.Controllers.UserController - Data Successfully Displayed
2022-09-16 02:19:30,619 [1] INFO Microsoft.Hosting.Lifetime - Application started. Press Ctrl+C to shut down.
2022-09-16 02:19:30,636 [1] INFO Microsoft.Hosting.Lifetime - Hosting environment: Development
2022-09-16 02:19:30,639 [1] INFO Microsoft.Hosting.Lifetime - Content root path: C:\Users\mindc1july62\Desktop\Mohammed.Shahid@mindtree.com_Comprehensive\E-GroceryStore\E-GroceryStore
2022-09-16 02:34:09,184 [1] INFO Microsoft.Hosting.Lifetime - Application started. Press Ctrl+C to shut down.
2022-09-16 02:34:09,204 [1] INFO Microsoft.Hosting.Lifetime - Hosting environment: Development
2022-09-16 02:34:09,210 [1] INFO Microsoft.Hosting.Lifetime - Content root path: C:\Users\mindc1july62\Desktop\Mohammed.Shahid@mindtree.com_Comprehensive\E-GroceryStore\E-GroceryStore
2022-09-16 02:35:01,086 [7] INFO E_GroceryStore.Controllers.GroceryItemsController - Updated Successfully
2022-09-16 07:41:45,559 [1] INFO Microsoft.Hosting.Lifetime - Application started. Press Ctrl+C to shut down.
2022-09-16 07:41:45,577 [1] INFO Microsoft.Hosting.Lifetime - Hosting environment: Development
2022-09-16 07:41:45,581 [1] INFO Microsoft.Hosting.Lifetime - Content root path: C:\Users\mindc1july62\Desktop\Mohammed.Shahid@mindtree.com_Comprehensive\E-GroceryStore\E-GroceryStore
2022-09-16 07:44:00,090 [14] INFO E_GroceryStore.Controllers.UserController - Created Successfully
2022-09-16 07:44:06,884 [14] INFO E_GroceryStore.Controllers.UserController - Created Successfully
2022-09-16 09:08:56,860 [38] INFO E_GroceryStore.Controllers.UserController - Created Successfully
2022-09-16 09:09:03,147 [40] INFO E_GroceryStore.Controllers.UserController - Created Successfully
2022-09-16 10:51:42,433 [49] INFO E_GroceryStore.Controllers.UserController - Created Successfully
2022-09-16 10:51:44,851 [52] INFO E_GroceryStore.Controllers.UserController - Created Successfully
2022-09-16 13:50:24,529 [1] INFO Microsoft.Hosting.Lifetime - Application started. Press Ctrl+C to shut down.
2022-09-16 13:50:24,553 [1] INFO Microsoft.Hosting.Lifetime - Hosting environment: Development
2022-09-16 13:50:24,557 [1] INFO Microsoft.Hosting.Lifetime - Content root path: C:\Users\mindc1july62\Desktop\Mohammed.Shahid@mindtree.com_Comprehensive\E-GroceryStore\E-GroceryStore
2022-09-16 13:51:42,096 [1] INFO Microsoft.Hosting.Lifetime - Application started. Press Ctrl+C to shut down.
2022-09-16 13:51:42,116 [1] INFO Microsoft.Hosting.Lifetime - Hosting environment: Development
2022-09-16 13:51:42,120 [1] INFO Microsoft.Hosting.Lifetime - Content root path: C:\Users\mindc1july62\Desktop\Mohammed.Shahid@mindtree.com_Comprehensive\E-GroceryStore\E-GroceryStore
2022-09-16 13:51:53,084 [4] INFO E_GroceryStore.Controllers.RatingController - Created Successfully
2022-09-16 13:51:53,216 [13] ERROR Microsoft.EntityFrameworkCore.Database.Connection - An error occurred using the connection to database 'GroceryDb' on server 'MC1JUNB2191'.
2022-09-16 13:52:01,127 [5] INFO E_GroceryStore.Controllers.RatingController - Data Successfull Displayed
2022-09-16 13:52:29,048 [15] INFO E_GroceryStore.Controllers.RatingController - Created Successfully
2022-09-16 13:52:29,213 [15] ERROR Microsoft.AspNetCore.Server.IIS.Core.IISHttpServer - Connection ID "17870283331606675466", Request ID "8000000b-0002-f800-b63f-84710c7967bb": An unhandled exception was thrown by the application.
System.InvalidOperationException: The connection does not support MultipleActiveResultSets.
   at Microsoft.Data.SqlClient.SqlInternalConnectionTds.ValidateConnectionForExecute(SqlCommand command)
   at Microsoft.Data.SqlClient.SqlInternalTransaction.Rollback()
   at Microsoft.Data.SqlClient.SqlInternalTransaction.Dispose(Boolean disposing)
   at Microsoft.Data.SqlClient.SqlInternalTransaction.Dispose()
   at Microsoft.Data.SqlClient.SqlTransaction.Dispose(Boolean disposing)
   at System.Data.Common.DbTransaction.DisposeAsync()
   at Microsoft.EntityFrameworkCore.Utilities.DisposableExtensions.DisposeAsyncIfAvailable(IDisposable disposable)
   at Microsoft.EntityFrameworkCore.Storage.RelationalTransaction.DisposeAsync()
   at Microsoft.EntityFrameworkCore.Storage.RelationalConnection.DisposeAsync()
   at Microsoft.Extensions.DependencyInjection.ServiceLookup.ServiceProviderEngineScope.<>c__DisplayClass15_0.<<DisposeAsync>g__Await|0>d.MoveNext()
--- End of stack trace from previous location where exception was thrown ---
   at Microsoft.Extensions.DependencyInjection.ServiceLookup.ServiceProviderEngineScope.<>c__DisplayClass15_0.<<DisposeAsync>g__Await|0>d.MoveNext()
--- End of stack trace from previous location where exception was thrown ---
   at Microsoft.AspNetCore.Http.Features.RequestServicesFeature.<DisposeAsync>g__Awaited|9_0(RequestServicesFeature servicesFeature, ValueTask vt)
   at Microsoft.AspNetCore.Server.IIS.Core.IISHttpContext.FireOnCompleted()
2022-09-16 13:52:41,798 [15] INFO E_GroceryStore.Controllers.RatingController - Data Successfull Displayed
2022-09-16 15:29:29,777 [22] INFO E_GroceryStore.Controllers.GroceryItemsController - Data Successfull Displayed
2022-09-16 15:29:39,034 [22] INFO E_GroceryStore.Controllers.GroceryItemsController - Data Successfull Displayed
2022-09-16 15:30:16,859 [25] INFO E_GroceryStore.Controllers.GroceryItemsController - Data Successfull Displayed
2022-09-16 15:47:21,054 [6] INFO E_GroceryStore.Controllers.GroceryItemsController - Data Successfull Displayed
2022-09-16 15:47:40,165 [6] INFO E_GroceryStore.Controllers.GroceryItemsController - Data Successfull Displayed
2022-09-16 17:37:06,843 [1] INFO Microsoft.Hosting.Lifetime - Application started. Press Ctrl+C to shut down.
2022-09-16 17:37:06,864 [1] INFO Microsoft.Hosting.Lifetime - Hosting environment: Development
2022-09-16 17:37:06,868 [1] INFO Microsoft.Hosting.Lifetime - Content root path: C:\Users\mindc1july62\Desktop\Mohammed.Shahid@mindtree.com_Comprehensive\E-GroceryStore\E-GroceryStore
2022-09-16 17:42:59,654 [11] INFO E_GroceryStore.Controllers.GroceryItemsController - Data Successfull Displayed
2022-09-16 17:44:58,476 [15] INFO E_GroceryStore.Controllers.UserController - Created Successfully
2022-09-16 17:46:18,607 [19] INFO E_GroceryStore.Controllers.UserController - Data Successfully Displayed
2022-09-16 17:46:37,227 [20] INFO E_GroceryStore.Controllers.UserController - Login Success
2022-09-16 17:47:43,157 [23] INFO E_GroceryStore.Controllers.GroceryItemsController - Created Successfully
2022-09-16 17:47:43,266 [23] ERROR Microsoft.AspNetCore.Server.IIS.Core.IISHttpServer - Connection ID "18014398523977498627", Request ID "80000004-0003-fa00-b63f-84710c7967bb": An unhandled exception was thrown by the application.
System.InvalidOperationException: The connection does not support MultipleActiveResultSets.
   at Microsoft.Data.SqlClient.SqlInternalConnectionTds.ValidateConnectionForExecute(SqlCommand command)
   at Microsoft.Data.SqlClient.SqlInternalTransaction.Rollback()
   at Microsoft.Data.SqlClient.SqlInternalTransaction.Dispose(Boolean disposing)
   at Microsoft.Data.SqlClient.SqlInternalTransaction.Dispose()
   at Microsoft.Data.SqlClient.SqlTransaction.Dispose(Boolean disposing)
   at System.Data.Common.DbTransaction.DisposeAsync()
   at Microsoft.EntityFrameworkCore.Utilities.DisposableExtensions.DisposeAsyncIfAvailable(IDisposable disposable)
   at Microsoft.EntityFrameworkCore.Storage.RelationalTransaction.DisposeAsync()
   at Microsoft.EntityFrameworkCore.Storage.RelationalConnection.DisposeAsync()
   at Microsoft.Extensions.DependencyInjection.ServiceLookup.ServiceProviderEngineScope.<>c__DisplayClass15_0.<<DisposeAsync>g__Await|0>d.MoveNext()
--- End of stack trace from previous location where exception was thrown ---
   at Microsoft.Extensions.DependencyInjection.ServiceLookup.ServiceProviderEngineScope.<>c__DisplayClass15_0.<<DisposeAsync>g__Await|0>d.MoveNext()
--- End of stack trace from previous location where exception was thrown ---
   at Microsoft.AspNetCore.Http.Features.RequestServicesFeature.<DisposeAsync>g__Awaited|9_0(RequestServicesFeature servicesFeature, ValueTask vt)
   at Microsoft.AspNetCore.Server.IIS.Core.IISHttpContext.FireOnCompleted()
2022-09-16 17:47:56,472 [23] INFO E_GroceryStore.Controllers.GroceryItemsController - Created Successfully
2022-09-16 17:47:56,485 [23] ERROR Microsoft.AspNetCore.Server.IIS.Core.IISHttpServer - Connection ID "17942340925644603416", Request ID "80000019-0002-f900-b63f-84710c7967bb": An unhandled exception was thrown by the application.
System.InvalidOperationException: There is already an open DataReader associated with this Connection which must be closed first.
   at Microsoft.Data.SqlClient.SqlInternalConnectionTds.ValidateConnectionForExecute(SqlCommand command)
   at Microsoft.Data.SqlClient.SqlInternalTransaction.Rollback()
   at Microsoft.Data.SqlClient.SqlInternalTransaction.Dispose(Boolean disposing)
   at Microsoft.Data.SqlClient.SqlInternalTransaction.Dispose()
   at Microsoft.Data.SqlClient.SqlTransaction.Dispose(Boolean disposing)
   at System.Data.Common.DbTransaction.DisposeAsync()
   at Microsoft.EntityFrameworkCore.Utilities.DisposableExtensions.DisposeAsyncIfAvailable(IDisposable disposable)
   at Microsoft.EntityFrameworkCore.Storage.RelationalTransaction.DisposeAsync()
   at Microsoft.EntityFrameworkCore.Storage.RelationalConnection.DisposeAsync()
   at Microsoft.Extensions.DependencyInjection.ServiceLookup.ServiceProviderEngineScope.<>c__DisplayClass15_0.<<DisposeAsync>g__Await|0>d.MoveNext()
--- End of stack trace from previous location where exception was thrown ---
   at Microsoft.Extensions.DependencyInjection.ServiceLookup.ServiceProviderEngineScope.<>c__DisplayClass15_0.<<DisposeAsync>g__Await|0>d.MoveNext()
--- End of stack trace from previous location where exception was thrown ---
   at Microsoft.AspNetCore.Http.Features.RequestServicesFeature.<DisposeAsync>g__Awaited|9_0(RequestServicesFeature servicesFeature, ValueTask vt)
   at Microsoft.AspNetCore.Server.IIS.Core.IISHttpContext.FireOnCompleted()
2022-09-16 17:48:06,983 [23] INFO E_GroceryStore.Controllers.GroceryItemsController - Data Successfull Displayed
2022-09-16 17:48:46,347 [23] INFO E_GroceryStore.Controllers.GroceryItemsController - Updated Successfully
2022-09-16 17:49:22,082 [23] INFO E_GroceryStore.Controllers.GroceryItemsController - Deleted Successfully
2022-09-16 17:53:02,440 [1] INFO Microsoft.Hosting.Lifetime - Application started. Press Ctrl+C to shut down.
2022-09-16 17:53:02,462 [1] INFO Microsoft.Hosting.Lifetime - Hosting environment: Development
2022-09-16 17:53:02,467 [1] INFO Microsoft.Hosting.Lifetime - Content root path: C:\Users\mindc1july62\Desktop\Mohammed.Shahid@mindtree.com_Comprehensive\E-GroceryStore\E-GroceryStore
2022-09-16 17:53:48,348 [13] INFO E_GroceryStore.Controllers.UserController - Created Successfully
2022-09-16 17:54:18,977 [18] INFO E_GroceryStore.Controllers.UserController - Created Successfully
2022-09-16 17:54:39,172 [18] INFO E_GroceryStore.Controllers.GroceryItemsController - Data Successfull Displayed
2022-09-16 17:55:08,120 [18] INFO E_GroceryStore.Controllers.GroceryItemsController - Data Successfull Displayed
2022-09-16 17:56:50,249 [32] INFO E_GroceryStore.Controllers.GroceryItemsController - Deleted Successfully
2022-09-16 17:56:57,924 [31] INFO E_GroceryStore.Controllers.GroceryItemsController - Data Successfull Displayed
2022-09-16 19:37:14,135 [1] INFO Microsoft.Hosting.Lifetime - Application started. Press Ctrl+C to shut down.
2022-09-16 19:37:14,173 [1] INFO Microsoft.Hosting.Lifetime - Hosting environment: Development
2022-09-16 19:37:14,182 [1] INFO Microsoft.Hosting.Lifetime - Content root path: C:\Users\mindc1july62\Desktop\Mohammed.Shahid@mindtree.com_Comprehensive\E-GroceryStore\E-GroceryStore
2022-09-16 19:37:15,087 [4] ERROR Microsoft.AspNetCore.Diagnostics.DeveloperExceptionPageMiddleware - An unhandled exception has occurred while executing the request.
Swashbuckle.AspNetCore.SwaggerGen.SwaggerGeneratorException: Conflicting method/path combination "GET api/GroceryItems" for actions - E_GroceryStore.Controllers.GroceryItemsController.GetGroceryItems (E-GroceryStore),E_GroceryStore.Controllers.GroceryItemsController.Search (E-GroceryStore). Actions require a unique method/path combination for Swagger/OpenAPI 3.0. Use ConflictingActionsResolver as a workaround
   at Swashbuckle.AspNetCore.SwaggerGen.SwaggerGenerator.GenerateOperations(IEnumerable`1 apiDescriptions, SchemaRepository schemaRepository)
   at Swashbuckle.AspNetCore.SwaggerGen.SwaggerGenerator.GeneratePaths(IEnumerable`1 apiDescriptions, SchemaRepository schemaRepository)
   at Swashbuckle.AspNetCore.SwaggerGen.SwaggerGenerator.GetSwaggerDocumentWithoutFilters(String documentName, String host, String basePath)
   at Swashbuckle.AspNetCore.SwaggerGen.SwaggerGenerator.GetSwaggerAsync(String documentName, String host, String basePath)
   at Swashbuckle.AspNetCore.Swagger.SwaggerMiddleware.Invoke(HttpContext httpContext, ISwaggerProvider swaggerProvider)
   at Microsoft.AspNetCore.Diagnostics.DeveloperExceptionPageMiddleware.Invoke(HttpContext context)
2022-09-16 19:39:23,676 [1] INFO Microsoft.Hosting.Lifetime - Application started. Press Ctrl+C to shut down.
2022-09-16 19:39:23,694 [1] INFO Microsoft.Hosting.Lifetime - Hosting environment: Development
2022-09-16 19:39:23,697 [1] INFO Microsoft.Hosting.Lifetime - Content root path: C:\Users\mindc1july62\Desktop\Mohammed.Shahid@mindtree.com_Comprehensive\E-GroceryStore\E-GroceryStore
2022-09-16 19:41:32,872 [1] INFO Microsoft.Hosting.Lifetime - Application started. Press Ctrl+C to shut down.
2022-09-16 19:41:32,888 [1] INFO Microsoft.Hosting.Lifetime - Hosting environment: Development
2022-09-16 19:41:32,892 [1] INFO Microsoft.Hosting.Lifetime - Content root path: C:\Users\mindc1july62\Desktop\Mohammed.Shahid@mindtree.com_Comprehensive\E-GroceryStore\E-GroceryStore
2022-09-16 19:41:33,466 [4] ERROR Microsoft.AspNetCore.Diagnostics.DeveloperExceptionPageMiddleware - An unhandled exception has occurred while executing the request.
Swashbuckle.AspNetCore.SwaggerGen.SwaggerGeneratorException: Conflicting method/path combination "GET api/GroceryItems" for actions - E_GroceryStore.Controllers.GroceryItemsController.GetGroceryItems (E-GroceryStore),E_GroceryStore.Controllers.GroceryItemsController.Search (E-GroceryStore). Actions require a unique method/path combination for Swagger/OpenAPI 3.0. Use ConflictingActionsResolver as a workaround
   at Swashbuckle.AspNetCore.SwaggerGen.SwaggerGenerator.GenerateOperations(IEnumerable`1 apiDescriptions, SchemaRepository schemaRepository)
   at Swashbuckle.AspNetCore.SwaggerGen.SwaggerGenerator.GeneratePaths(IEnumerable`1 apiDescriptions, SchemaRepository schemaRepository)
   at Swashbuckle.AspNetCore.SwaggerGen.SwaggerGenerator.GetSwaggerDocumentWithoutFilters(String documentName, String host, String basePath)
   at Swashbuckle.AspNetCore.SwaggerGen.SwaggerGenerator.GetSwaggerAsync(String documentName, String host, String basePath)
   at Swashbuckle.AspNetCore.Swagger.SwaggerMiddleware.Invoke(HttpContext httpContext, ISwaggerProvider swaggerProvider)
   at Microsoft.AspNetCore.Diagnostics.DeveloperExceptionPageMiddleware.Invoke(HttpContext context)
2022-09-16 19:42:34,004 [1] INFO Microsoft.Hosting.Lifetime - Application started. Press Ctrl+C to shut down.
2022-09-16 19:42:34,021 [1] INFO Microsoft.Hosting.Lifetime - Hosting environment: Development
2022-09-16 19:42:34,028 [1] INFO Microsoft.Hosting.Lifetime - Content root path: C:\Users\mindc1july62\Desktop\Mohammed.Shahid@mindtree.com_Comprehensive\E-GroceryStore\E-GroceryStore
2022-09-16 21:17:20,113 [1] INFO Microsoft.Hosting.Lifetime - Application started. Press Ctrl+C to shut down.
2022-09-16 21:17:20,144 [1] INFO Microsoft.Hosting.Lifetime - Hosting environment: Development
2022-09-16 21:17:20,146 [1] INFO Microsoft.Hosting.Lifetime - Content root path: C:\Users\mindc1july62\Desktop\Mohammed.Shahid@mindtree.com_Comprehensive\E-GroceryStore\E-GroceryStore
2022-09-16 21:18:44,279 [7] INFO E_GroceryStore.Controllers.UserController - Created Successfully
2022-09-16 21:18:47,733 [17] INFO E_GroceryStore.Controllers.UserController - Created Successfully
2022-09-16 21:18:48,780 [17] INFO E_GroceryStore.Controllers.GroceryItemsController - Data Successfull Displayed
2022-09-16 21:19:00,094 [7] INFO E_GroceryStore.Controllers.GroceryItemsController - Data Successfull Displayed
2022-09-16 21:19:03,598 [17] INFO E_GroceryStore.Controllers.GroceryItemsController - Deleted Successfully
2022-09-16 21:19:12,368 [16] INFO E_GroceryStore.Controllers.GroceryItemsController - Data Successfull Displayed
2022-09-16 21:27:29,238 [1] INFO Microsoft.Hosting.Lifetime - Application started. Press Ctrl+C to shut down.
2022-09-16 21:27:29,252 [1] INFO Microsoft.Hosting.Lifetime - Hosting environment: Development
2022-09-16 21:27:29,254 [1] INFO Microsoft.Hosting.Lifetime - Content root path: C:\Users\mindc1july62\Desktop\Mohammed.Shahid@mindtree.com_Comprehensive\E-GroceryStore\E-GroceryStore
2022-09-16 21:32:54,713 [13] INFO E_GroceryStore.Controllers.UserController - Created Successfully
2022-09-16 21:32:57,454 [16] INFO E_GroceryStore.Controllers.UserController - Created Successfully
2022-09-16 21:32:59,273 [13] INFO E_GroceryStore.Controllers.GroceryItemsController - Data Successfull Displayed
